#
# There is insufficient memory for the Java Runtime Environment to continue.
# Native memory allocation (mmap) failed to map 132120576 bytes for G1 virtual space
# Possible reasons:
#   The system is out of physical RAM or swap space
#   The process is running with CompressedOops enabled, and the Java Heap may be blocking the growth of the native heap
# Possible solutions:
#   Reduce memory load on the system
#   Increase physical memory or swap space
#   Check if swap backing store is full
#   Decrease Java heap size (-Xmx/-Xms)
#   Decrease number of Java threads
#   Decrease Java thread stack sizes (-Xss)
#   Set larger code cache with -XX:ReservedCodeCacheSize=
#   JVM is running with Unscaled Compressed Oops mode in which the Java heap is
#     placed in the first 4GB address space. The Java Heap base address is the
#     maximum limit for the native heap growth. Please use -XX:HeapBaseMinAddress
#     to set the Java Heap base and to place the Java Heap above 4GB virtual address.
# This output file may be truncated or incomplete.
#
#  Out of Memory Error (./open/src/hotspot/os/windows/os_windows.cpp:3321), pid=24080, tid=8456
#
# JRE version:  (15.0.2+7) (build )
# Java VM: OpenJDK 64-Bit Server VM (15.0.2+7-27, mixed mode, sharing, tiered, compressed oops, g1 gc, windows-amd64)
# No core dump will be written. Minidumps are not enabled by default on client versions of Windows
#

---------------  S U M M A R Y ------------

Command Line: -Dfile.encoding=Cp1252 -XX:+ShowCodeDetailsInExceptionMessages Run

Host: Intel(R) Core(TM) i5-1035G1 CPU @ 1.00GHz, 8 cores, 7G,  Windows 10 , 64 bit Build 18362 (10.0.18362.1350)
Time: Thu Mar 11 15:12:39 2021 SE Asia Standard Time elapsed time: 0.013972 seconds (0d 0h 0m 0s)

---------------  T H R E A D  ---------------

Current thread (0x000001f3ead03e80):  JavaThread "Unknown thread" [_thread_in_vm, id=8456, stack(0x00000030f4100000,0x00000030f4200000)]

Stack: [0x00000030f4100000,0x00000030f4200000]
Native frames: (J=compiled Java code, j=interpreted, Vv=VM code, C=native code)
V  [jvm.dll+0x62ae9a]
V  [jvm.dll+0x7817a9]
V  [jvm.dll+0x782f03]
V  [jvm.dll+0x783563]
V  [jvm.dll+0x216325]
V  [jvm.dll+0x6281d9]
V  [jvm.dll+0x61cf55]
V  [jvm.dll+0x2cffdd]
V  [jvm.dll+0x2cfe42]
V  [jvm.dll+0x2d5e1c]
V  [jvm.dll+0x32590a]
V  [jvm.dll+0x324fd4]
V  [jvm.dll+0x2a6f5a]
V  [jvm.dll+0x2a80f8]
V  [jvm.dll+0x75e241]
V  [jvm.dll+0x3341c4]
V  [jvm.dll+0x73e926]
V  [jvm.dll+0x3b7557]
V  [jvm.dll+0x3b8fe1]
C  [jli.dll+0x52fb]
C  [ucrtbase.dll+0x210b2]
C  [KERNEL32.DLL+0x17c24]
C  [ntdll.dll+0x6d721]


---------------  P R O C E S S  ---------------

Threads class SMR info:
_java_thread_list=0x00007fff37564ff0, length=0, elements={
}

Java Threads: ( => current thread )

Other Threads:
  0x000001f3ead47230 GCTaskThread "GC Thread#0" [stack: 0x00000030f4200000,0x00000030f4300000] [id=24740]
  0x000001f3ead57dd0 ConcurrentGCThread "G1 Main Marker" [stack: 0x00000030f4300000,0x00000030f4400000] [id=24468]
  0x000001f3ead5a100 ConcurrentGCThread "G1 Conc#0" [stack: 0x00000030f4400000,0x00000030f4500000] [id=23392]

[error occurred during error reporting (printing all threads), id 0xc0000005, EXCEPTION_ACCESS_VIOLATION (0xc0000005) at pc=0x00007fff36d57e27]

VM state: not at safepoint (not fully initialized)

VM Mutex/Monitor currently owned by a thread:  ([mutex/lock_event])
[0x000001f3ead00b30] Heap_lock - owner thread: 0x000001f3ead03e80

Heap address: 0x0000000083200000, size: 1998 MB, Compressed Oops mode: 32-bit
CDS archive(s) mapped at: [0x0000000000000000-0x0000000000000000-0x0000000000000000), size 0, SharedBaseAddress: 0x0000000800000000, ArchiveRelocationMode: 0.
Narrow klass base: 0x0000000000000000, Narrow klass shift: 0, Narrow klass range: 0x0

Heap:
 garbage-first heap   total 129024K, used 0K [0x0000000083200000, 0x0000000100000000)
  region size 1024K, 0 young (0K), 0 survivors (0K)
 Metaspace       used 0K, capacity 0K, committed 0K, reserved 0K
  class space    used 0K, capacity 0K, committed 0K, reserved 0K

Heap Regions: E=young(eden), S=young(survivor), O=old, HS=humongous(starts), HC=humongous(continues), CS=collection set, F=free, OA=open archive, CA=closed archive, TAMS=top-at-mark-start (previous, next)

Card table byte_map: [0x000001f3fde30000,0x000001f3fe220000] _byte_map_base: 0x000001f3fda17000

Marking Bits (Prev, Next): (CMBitMap*) 0x000001f3ead479b0, (CMBitMap*) 0x000001f3ead479f0
 Prev Bits: [0x000001f380000000, 0x000001f381f38000)
 Next Bits: [0x000001f381f40000, 0x000001f383e78000)

GC Heap History (0 events):
No events

Deoptimization events (0 events):
No events

Classes unloaded (0 events):
No events

Classes redefined (0 events):
No events

Internal exceptions (0 events):
No events

Events (1 events):
Event: 0.006 Loaded shared library C:\Users\jonat\.p2\pool\plugins\org.eclipse.justj.openjdk.hotspot.jre.full.win32.x86_64_15.0.2.v20210201-0955\jre\bin\java.dll


Dynamic libraries:
0x00007ff73e6d0000 - 0x00007ff73e6dd000 	C:\Users\jonat\.p2\pool\plugins\org.eclipse.justj.openjdk.hotspot.jre.full.win32.x86_64_15.0.2.v20210201-0955\jre\bin\javaw.exe
0x00007fff81900000 - 0x00007fff81af0000 	C:\Windows\SYSTEM32\ntdll.dll
0x00007fff81060000 - 0x00007fff81112000 	C:\Windows\System32\KERNEL32.DLL
0x00007fff7ecd0000 - 0x00007fff7ef75000 	C:\Windows\System32\KERNELBASE.dll
0x00007fff7e9a0000 - 0x00007fff7ea9a000 	C:\Windows\System32\ucrtbase.dll
0x00007fff771c0000 - 0x00007fff771d8000 	C:\Users\jonat\.p2\pool\plugins\org.eclipse.justj.openjdk.hotspot.jre.full.win32.x86_64_15.0.2.v20210201-0955\jre\bin\jli.dll
0x00007fff5fc10000 - 0x00007fff5fc29000 	C:\Users\jonat\.p2\pool\plugins\org.eclipse.justj.openjdk.hotspot.jre.full.win32.x86_64_15.0.2.v20210201-0955\jre\bin\VCRUNTIME140.dll
0x00007fff80ec0000 - 0x00007fff81054000 	C:\Windows\System32\USER32.dll
0x00007fff6c710000 - 0x00007fff6c994000 	C:\Windows\WinSxS\amd64_microsoft.windows.common-controls_6595b64144ccf1df_6.0.18362.1379_none_9e7ff3b3e45cc0c4\COMCTL32.dll
0x00007fff7ebf0000 - 0x00007fff7ec11000 	C:\Windows\System32\win32u.dll
0x00007fff7fc70000 - 0x00007fff7fd0e000 	C:\Windows\System32\msvcrt.dll
0x00007fff7fc40000 - 0x00007fff7fc66000 	C:\Windows\System32\GDI32.dll
0x00007fff813a0000 - 0x00007fff816d7000 	C:\Windows\System32\combase.dll
0x00007fff811d0000 - 0x00007fff812ef000 	C:\Windows\System32\RPCRT4.dll
0x00007fff7f700000 - 0x00007fff7f898000 	C:\Windows\System32\gdi32full.dll
0x00007fff7ec20000 - 0x00007fff7eca1000 	C:\Windows\System32\bcryptPrimitives.dll
0x00007fff7e8d0000 - 0x00007fff7e96e000 	C:\Windows\System32\msvcp_win.dll
0x00007fff7fc10000 - 0x00007fff7fc3e000 	C:\Windows\System32\IMM32.DLL
0x00007fff7ac70000 - 0x00007fff7ac7c000 	C:\Users\jonat\.p2\pool\plugins\org.eclipse.justj.openjdk.hotspot.jre.full.win32.x86_64_15.0.2.v20210201-0955\jre\bin\vcruntime140_1.dll
0x00007fff5fb70000 - 0x00007fff5fc01000 	C:\Users\jonat\.p2\pool\plugins\org.eclipse.justj.openjdk.hotspot.jre.full.win32.x86_64_15.0.2.v20210201-0955\jre\bin\msvcp140.dll
0x00007fff36aa0000 - 0x00007fff375fe000 	C:\Users\jonat\.p2\pool\plugins\org.eclipse.justj.openjdk.hotspot.jre.full.win32.x86_64_15.0.2.v20210201-0955\jre\bin\server\jvm.dll
0x00007fff7fb00000 - 0x00007fff7fba3000 	C:\Windows\System32\ADVAPI32.dll
0x00007fff7fa60000 - 0x00007fff7faf7000 	C:\Windows\System32\sechost.dll
0x00007fff812f0000 - 0x00007fff812f8000 	C:\Windows\System32\PSAPI.DLL
0x00007fff78da0000 - 0x00007fff78da9000 	C:\Windows\SYSTEM32\WSOCK32.dll
0x00007fff7bdb0000 - 0x00007fff7bdd4000 	C:\Windows\SYSTEM32\WINMM.dll
0x00007fff78380000 - 0x00007fff7838a000 	C:\Windows\SYSTEM32\VERSION.dll
0x00007fff7ffa0000 - 0x00007fff8000f000 	C:\Windows\System32\WS2_32.dll
0x00007fff7bd80000 - 0x00007fff7bdad000 	C:\Windows\SYSTEM32\winmmbase.dll
0x00007fff7e880000 - 0x00007fff7e8ca000 	C:\Windows\System32\cfgmgr32.dll
0x00007fff7e7c0000 - 0x00007fff7e7d1000 	C:\Windows\System32\kernel.appcore.dll
0x00007fff768e0000 - 0x00007fff768ea000 	C:\Users\jonat\.p2\pool\plugins\org.eclipse.justj.openjdk.hotspot.jre.full.win32.x86_64_15.0.2.v20210201-0955\jre\bin\jimage.dll
0x00007fff7cc50000 - 0x00007fff7ce44000 	C:\Windows\SYSTEM32\DBGHELP.DLL
0x00007fff5bdb0000 - 0x00007fff5bdda000 	C:\Windows\SYSTEM32\dbgcore.DLL
0x00007fff66df0000 - 0x00007fff66e15000 	C:\Users\jonat\.p2\pool\plugins\org.eclipse.justj.openjdk.hotspot.jre.full.win32.x86_64_15.0.2.v20210201-0955\jre\bin\java.dll

dbghelp: loaded successfully - version: 4.0.5 - missing functions: none
symbol engine: initialized successfully - sym options: 0x614 - pdb path: .;C:\Users\jonat\.p2\pool\plugins\org.eclipse.justj.openjdk.hotspot.jre.full.win32.x86_64_15.0.2.v20210201-0955\jre\bin;C:\Windows\SYSTEM32;C:\Windows\WinSxS\amd64_microsoft.windows.common-controls_6595b64144ccf1df_6.0.18362.1379_none_9e7ff3b3e45cc0c4;C:\Users\jonat\.p2\pool\plugins\org.eclipse.justj.openjdk.hotspot.jre.full.win32.x86_64_15.0.2.v20210201-0955\jre\bin\server

VM Arguments:
jvm_args: -Dfile.encoding=Cp1252 -XX:+ShowCodeDetailsInExceptionMessages 
java_command: Run
java_class_path (initial): C:\Users\jonat\Documents\Belajar Java\Game2\bin
Launcher Type: SUN_STANDARD

[Global flags]
     intx CICompilerCount                          = 4                                         {product} {ergonomic}
     uint ConcGCThreads                            = 2                                         {product} {ergonomic}
     uint G1ConcRefinementThreads                  = 8                                         {product} {ergonomic}
   size_t G1HeapRegionSize                         = 1048576                                   {product} {ergonomic}
    uintx GCDrainStackTargetSize                   = 64                                        {product} {ergonomic}
   size_t InitialHeapSize                          = 132120576                                 {product} {ergonomic}
   size_t MarkStackSize                            = 4194304                                   {product} {ergonomic}
   size_t MaxHeapSize                              = 2095054848                                {product} {ergonomic}
   size_t MinHeapDeltaBytes                        = 1048576                                   {product} {ergonomic}
   size_t MinHeapSize                              = 8388608                                   {product} {ergonomic}
    uintx NonNMethodCodeHeapSize                   = 5839372                                {pd product} {ergonomic}
    uintx NonProfiledCodeHeapSize                  = 122909434                              {pd product} {ergonomic}
    uintx ProfiledCodeHeapSize                     = 122909434                              {pd product} {ergonomic}
    uintx ReservedCodeCacheSize                    = 251658240                              {pd product} {ergonomic}
     bool SegmentedCodeCache                       = true                                      {product} {ergonomic}
     bool ShowCodeDetailsInExceptionMessages       = true                                   {manageable} {command line}
   size_t SoftMaxHeapSize                          = 2095054848                             {manageable} {ergonomic}
     bool UseCompressedClassPointers               = true                                 {lp64_product} {ergonomic}
     bool UseCompressedOops                        = true                                 {lp64_product} {ergonomic}
     bool UseG1GC                                  = true                                      {product} {ergonomic}
     bool UseLargePagesIndividualAllocation        = false                                  {pd product} {ergonomic}

Logging:
Log output configuration:
 #0: stdout all=warning uptime,level,tags
 #1: stderr all=off uptime,level,tags

Environment Variables:
PATH=C:/Users/jonat/.p2/pool/plugins/org.eclipse.justj.openjdk.hotspot.jre.full.win32.x86_64_15.0.2.v20210201-0955/jre/bin/server;C:/Users/jonat/.p2/pool/plugins/org.eclipse.justj.openjdk.hotspot.jre.full.win32.x86_64_15.0.2.v20210201-0955/jre/bin;C:\ProgramData\Oracle\Java\javapath;C:\Program Files\Common Files\Oracle\Java\javapath;C:\Program Files\Java\jdk-11.0.10\bin;C:\Program Files (x86)\Common Files\Oracle\Java\javapath;C:\Windows\system32;C:\Windows;C:\Windows\System32\Wbem;C:\Windows\System32\WindowsPowerShell\v1.0\;C:\Windows\System32\OpenSSH\;C:\Users\jonat\AppData\Roaming\Python\Python38\Scripts;C:\Program Files\dotnet\;C:\Program Files\Java\jdk1.8.0_261\bin;C:\Program Files (x86)\Microsoft SQL Server\100\Tools\Binn\;C:\Program Files\Microsoft SQL Server\100\Tools\Binn\;C:\Program Files\Microsoft SQL Server\100\DTS\Binn\;C:\Users\jonat\Downloads\Compressed\java-1.8.0\java-1.8.0-openjdk-1.8.0.282-1.b08.dev.redhat.windows.x86_64\bin;C:\Program Files\Java\jre.1.8.0_281\bin;C:\Users\jonat\AppData\Local\Programs\Python\Python38-32\Scripts\;C:\Users\jonat\AppData\Local\Programs\Python\Python38-32\;C:\Users\jonat\AppData\Local\Microsoft\WindowsApps;C:\Users\jonat\AppData\Local\GitHubDesktop\bin;D:\Microsoft VS Code\bin;C:\Users\jonat\.dotnet\tools;C:\Program Files\AdoptOpenJDK\jdk-15.0.1.9-hotspot\bin;C:\Program Files\Java\jdk1.8.0_261\bin;C:\Program Files\Java\jre.1.8.0_281\bin;;C:\Windows\System32;
USERNAME=jonat
OS=Windows_NT
PROCESSOR_IDENTIFIER=Intel64 Family 6 Model 126 Stepping 5, GenuineIntel



---------------  S Y S T E M  ---------------

OS:
 Windows 10 , 64 bit Build 18362 (10.0.18362.1350)
OS uptime: 2 days 6:07 hours

CPU: total 8 (initial active 8) (4 cores per cpu, 2 threads per core) family 6 model 126 stepping 5 microcode 0xa0, cmov, cx8, fxsr, mmx, sse, sse2, sse3, ssse3, sse4.1, sse4.2, popcnt, vzeroupper, avx, avx2, aes, clmul, erms, 3dnowpref, lzcnt, ht, tsc, tscinvbit, bmi1, bmi2, adx, avx512f, avx512dq, avx512cd, avx512bw, avx512vl, avx512_vpopcntdq, avx512_vpclmulqdq, avx512_vbmi, avx512_vbmi2, avx512_vaes, avx512_vnni, sha, fma, clflush, clflushopt

Memory: 4k page, system-wide physical 7987M (920M free)
TotalPageFile size 32563M (AvailPageFile size 14M)
current process WorkingSet (physical memory assigned to process): 10M, peak: 10M
current process commit charge ("private bytes"): 60M, peak: 186M

vm_info: OpenJDK 64-Bit Server VM (15.0.2+7-27) for windows-amd64 JRE (15.0.2+7-27), built on Dec  7 2020 20:02:38 by "mach5one" with unknown MS VC++:1925

END.
